app/build/intermediates/manifest_merge_blame_file/debug/manifest-merger-blame-debug-report.txt
1<?xml version="1.0" encoding="utf-8"?>
2<manifest xmlns:android="http://schemas.android.com/apk/res/android"
3    package="com.google.codelab.mlkit"
4    android:versionCode="1"
5    android:versionName="1.0" >
6
7    <uses-sdk
8        android:minSdkVersion="21"
8-->src\main\AndroidManifest.xml
9        android:targetSdkVersion="30" />
9-->src\main\AndroidManifest.xml
10    // 진동
11    <uses-permission android:name="android.permission.VIBRATE" />
11-->src\main\AndroidManifest.xml:6:5-65
11-->src\main\AndroidManifest.xml:6:22-63
12    <uses-permission android:name="android.permission.RECORD_AUDIO" />
12-->src\main\AndroidManifest.xml:7:5-71
12-->src\main\AndroidManifest.xml:7:22-68
13    // 네트워크 권한
14    <uses-permission android:name="android.permission.INTERNET" />
14-->src\main\AndroidManifest.xml:10:5-67
14-->src\main\AndroidManifest.xml:10:22-64
15    <uses-permission android:name="android.permission.ACCESS_NETWORK_STATE" />
15-->src\main\AndroidManifest.xml:11:5-79
15-->src\main\AndroidManifest.xml:11:22-76
16    // OCR
17    <uses-permission
17-->src\main\AndroidManifest.xml:14:5-15:38
18        android:name="android.permission.WRITE_EXTERNAL_STORAGE"
18-->src\main\AndroidManifest.xml:14:22-78
19        android:maxSdkVersion="18" />
19-->src\main\AndroidManifest.xml:15:9-35
20    <uses-permission
20-->src\main\AndroidManifest.xml:16:5-17:38
21        android:name="android.permission.READ_EXTERNAL_STORAGE"
21-->src\main\AndroidManifest.xml:16:22-77
22        android:maxSdkVersion="18" />
22-->src\main\AndroidManifest.xml:17:9-35
23    // 동영상
24    <!-- 재생 중 화면 어두워짐, 잠김 방지하기 위한 권한. -->
25    <uses-permission android:name="android.permission.WAKE_LOCK" />
25-->src\main\AndroidManifest.xml:21:5-68
25-->src\main\AndroidManifest.xml:21:22-65
26    <uses-permission android:name="com.google.android.gms.permission.AD_ID" />
26-->[com.google.android.gms:play-services-measurement-api:21.1.0] AndroidManifest.xml:25:5-79
26-->[com.google.android.gms:play-services-measurement-api:21.1.0] AndroidManifest.xml:25:22-76
27    <uses-permission android:name="com.google.android.finsky.permission.BIND_GET_INSTALL_REFERRER_SERVICE" />
27-->[com.google.android.gms:play-services-measurement:21.1.0] AndroidManifest.xml:26:5-110
27-->[com.google.android.gms:play-services-measurement:21.1.0] AndroidManifest.xml:26:22-107
28
29    <queries>
29-->[androidx.media2:media2-session:1.1.2] AndroidManifest.xml:24:5-34:15
30        <intent>
30-->[androidx.media2:media2-session:1.1.2] AndroidManifest.xml:25:9-27:18
31            <action android:name="android.media.browse.MediaBrowserService" />
31-->[androidx.media2:media2-session:1.1.2] AndroidManifest.xml:26:13-79
31-->[androidx.media2:media2-session:1.1.2] AndroidManifest.xml:26:21-76
32        </intent>
33        <intent>
33-->[androidx.media2:media2-session:1.1.2] AndroidManifest.xml:28:9-30:18
34            <action android:name="androidx.media2.session.MediaSessionService" />
34-->[androidx.media2:media2-session:1.1.2] AndroidManifest.xml:29:13-82
34-->[androidx.media2:media2-session:1.1.2] AndroidManifest.xml:29:21-79
35        </intent>
36        <intent>
36-->[androidx.media2:media2-session:1.1.2] AndroidManifest.xml:31:9-33:18
37            <action android:name="androidx.media2.session.MediaLibraryService" />
37-->[androidx.media2:media2-session:1.1.2] AndroidManifest.xml:32:13-82
37-->[androidx.media2:media2-session:1.1.2] AndroidManifest.xml:32:21-79
38        </intent>
39    </queries>
40
41    <application
41-->src\main\AndroidManifest.xml:24:5-74:19
42        android:allowBackup="true"
42-->src\main\AndroidManifest.xml:25:9-35
43        android:appComponentFactory="androidx.core.app.CoreComponentFactory"
43-->[androidx.core:core:1.5.0] AndroidManifest.xml:24:18-86
44        android:debuggable="true"
45        android:icon="@mipmap/icon_launcher"
45-->src\main\AndroidManifest.xml:26:9-45
46        android:label="손말"
46-->src\main\AndroidManifest.xml:27:9-27
47        android:roundIcon="@mipmap/ic_launcher_round"
47-->src\main\AndroidManifest.xml:28:9-54
48        android:supportsRtl="true"
48-->src\main\AndroidManifest.xml:29:9-35
49        android:testOnly="true"
50        android:theme="@style/AppTheme"
50-->src\main\AndroidManifest.xml:30:9-40
51        android:usesCleartextTraffic="true" >
51-->src\main\AndroidManifest.xml:31:9-44
52        <activity
52-->src\main\AndroidManifest.xml:32:9-34:40
53            android:name="com.google.codelab.mlkit.Video"
53-->src\main\AndroidManifest.xml:33:13-34
54            android:exported="false" />
54-->src\main\AndroidManifest.xml:34:13-37
55        <activity
55-->src\main\AndroidManifest.xml:35:9-37:40
56            android:name="com.google.codelab.mlkit.FavoriteActivity"
56-->src\main\AndroidManifest.xml:36:13-45
57            android:exported="false" />
57-->src\main\AndroidManifest.xml:37:13-37
58        <activity
58-->src\main\AndroidManifest.xml:38:9-40:40
59            android:name="com.google.codelab.mlkit.SettingActivity"
59-->src\main\AndroidManifest.xml:39:13-44
60            android:exported="false" />
60-->src\main\AndroidManifest.xml:40:13-37
61        <activity
61-->src\main\AndroidManifest.xml:41:9-49:20
62            android:name="com.google.codelab.mlkit.TitleActivity"
62-->src\main\AndroidManifest.xml:42:13-42
63            android:theme="@style/SplashTheme" >
63-->src\main\AndroidManifest.xml:43:13-47
64            <intent-filter>
64-->src\main\AndroidManifest.xml:44:13-48:29
65                <action android:name="android.intent.action.MAIN" />
65-->src\main\AndroidManifest.xml:45:17-69
65-->src\main\AndroidManifest.xml:45:25-66
66
67                <category android:name="android.intent.category.LAUNCHER" />
67-->src\main\AndroidManifest.xml:47:17-77
67-->src\main\AndroidManifest.xml:47:27-74
68            </intent-filter>
69        </activity>
70        <activity android:name="com.google.codelab.mlkit.mMainActivity" />
70-->src\main\AndroidManifest.xml:50:9-51
70-->src\main\AndroidManifest.xml:50:19-48
71        <activity
71-->src\main\AndroidManifest.xml:51:9-60:20
72            android:name="com.google.codelab.mlkit.MainActivity"
72-->src\main\AndroidManifest.xml:52:13-41
73            android:configChanges="keyboardHidden|orientation|screenSize"
73-->src\main\AndroidManifest.xml:53:13-74
74            android:exported="true"
74-->src\main\AndroidManifest.xml:54:13-36
75            android:parentActivityName="com.google.codelab.mlkit.mMainActivity"
75-->src\main\AndroidManifest.xml:55:13-56
76            android:screenOrientation="portrait" >
76-->src\main\AndroidManifest.xml:56:13-49
77            <intent-filter>
77-->src\main\AndroidManifest.xml:57:13-59:29
78                <category android:name="android.intent.category.LAUNCHER" />
78-->src\main\AndroidManifest.xml:47:17-77
78-->src\main\AndroidManifest.xml:47:27-74
79            </intent-filter>
80        </activity>
81        <activity
81-->src\main\AndroidManifest.xml:61:9-63:39
82            android:name="com.google.codelab.mlkit.Translation"
82-->src\main\AndroidManifest.xml:62:13-40
83            android:exported="true" />
83-->src\main\AndroidManifest.xml:63:13-36
84
85        <service
85-->src\main\AndroidManifest.xml:65:9-73:19
86            android:name="com.google.codelab.mlkit.MyServie"
86-->src\main\AndroidManifest.xml:65:18-41
87            android:enabled="true"
87-->src\main\AndroidManifest.xml:66:13-35
88            android:exported="true" >
88-->src\main\AndroidManifest.xml:67:13-36
89            <intent-filter>
89-->src\main\AndroidManifest.xml:68:13-72:29
90                <action android:name="android.speech.RecognitionService" />
90-->src\main\AndroidManifest.xml:69:17-76
90-->src\main\AndroidManifest.xml:69:25-73
91
92                <category android:name="android.intent.category.DEFAULT" />
92-->src\main\AndroidManifest.xml:71:17-76
92-->src\main\AndroidManifest.xml:71:27-73
93            </intent-filter>
94        </service>
95        <service
95-->[com.google.firebase:firebase-database:20.0.5] AndroidManifest.xml:29:9-35:19
96            android:name="com.google.firebase.components.ComponentDiscoveryService"
96-->[com.google.firebase:firebase-database:20.0.5] AndroidManifest.xml:30:13-84
97            android:directBootAware="true"
97-->[com.google.firebase:firebase-common:20.1.1] AndroidManifest.xml:35:13-43
98            android:exported="false" >
98-->[com.google.firebase:firebase-database:20.0.5] AndroidManifest.xml:31:13-37
99            <meta-data
99-->[com.google.firebase:firebase-database:20.0.5] AndroidManifest.xml:32:13-34:85
100                android:name="com.google.firebase.components:com.google.firebase.database.DatabaseRegistrar"
100-->[com.google.firebase:firebase-database:20.0.5] AndroidManifest.xml:33:17-109
101                android:value="com.google.firebase.components.ComponentRegistrar" />
101-->[com.google.firebase:firebase-database:20.0.5] AndroidManifest.xml:34:17-82
102            <meta-data
102-->[com.google.firebase:firebase-storage:20.0.1] AndroidManifest.xml:33:13-35:85
103                android:name="com.google.firebase.components:com.google.firebase.storage.StorageRegistrar"
103-->[com.google.firebase:firebase-storage:20.0.1] AndroidManifest.xml:34:17-107
104                android:value="com.google.firebase.components.ComponentRegistrar" />
104-->[com.google.firebase:firebase-storage:20.0.1] AndroidManifest.xml:35:17-82
105            <meta-data
105-->[com.google.android.gms:play-services-measurement-api:21.1.0] AndroidManifest.xml:31:13-33:85
106                android:name="com.google.firebase.components:com.google.firebase.analytics.connector.internal.AnalyticsConnectorRegistrar"
106-->[com.google.android.gms:play-services-measurement-api:21.1.0] AndroidManifest.xml:32:17-139
107                android:value="com.google.firebase.components.ComponentRegistrar" />
107-->[com.google.android.gms:play-services-measurement-api:21.1.0] AndroidManifest.xml:33:17-82
108            <meta-data
108-->[com.google.firebase:firebase-installations:17.0.1] AndroidManifest.xml:18:13-20:85
109                android:name="com.google.firebase.components:com.google.firebase.installations.FirebaseInstallationsRegistrar"
109-->[com.google.firebase:firebase-installations:17.0.1] AndroidManifest.xml:19:17-127
110                android:value="com.google.firebase.components.ComponentRegistrar" />
110-->[com.google.firebase:firebase-installations:17.0.1] AndroidManifest.xml:20:17-82
111        </service>
112        <service
112-->[com.google.android.gms:play-services-mlkit-text-recognition-common:17.0.0] AndroidManifest.xml:9:9-15:19
113            android:name="com.google.mlkit.common.internal.MlKitComponentDiscoveryService"
113-->[com.google.android.gms:play-services-mlkit-text-recognition-common:17.0.0] AndroidManifest.xml:10:13-91
114            android:directBootAware="true"
114-->[com.google.mlkit:common:18.2.0] AndroidManifest.xml:17:13-43
115            android:exported="false" >
115-->[com.google.android.gms:play-services-mlkit-text-recognition-common:17.0.0] AndroidManifest.xml:11:13-37
116            <meta-data
116-->[com.google.android.gms:play-services-mlkit-text-recognition-common:17.0.0] AndroidManifest.xml:12:13-14:85
117                android:name="com.google.firebase.components:com.google.mlkit.vision.text.internal.TextRegistrar"
117-->[com.google.android.gms:play-services-mlkit-text-recognition-common:17.0.0] AndroidManifest.xml:13:17-114
118                android:value="com.google.firebase.components.ComponentRegistrar" />
118-->[com.google.android.gms:play-services-mlkit-text-recognition-common:17.0.0] AndroidManifest.xml:14:17-82
119            <meta-data
119-->[com.google.mlkit:vision-common:17.1.0] AndroidManifest.xml:12:13-14:85
120                android:name="com.google.firebase.components:com.google.mlkit.vision.common.internal.VisionCommonRegistrar"
120-->[com.google.mlkit:vision-common:17.1.0] AndroidManifest.xml:13:17-124
121                android:value="com.google.firebase.components.ComponentRegistrar" />
121-->[com.google.mlkit:vision-common:17.1.0] AndroidManifest.xml:14:17-82
122            <meta-data
122-->[com.google.mlkit:common:18.2.0] AndroidManifest.xml:20:13-22:85
123                android:name="com.google.firebase.components:com.google.mlkit.common.internal.CommonComponentRegistrar"
123-->[com.google.mlkit:common:18.2.0] AndroidManifest.xml:21:17-120
124                android:value="com.google.firebase.components.ComponentRegistrar" />
124-->[com.google.mlkit:common:18.2.0] AndroidManifest.xml:22:17-82
125        </service>
126
127        <provider
127-->[com.google.mlkit:common:18.2.0] AndroidManifest.xml:9:9-13:38
128            android:name="com.google.mlkit.common.internal.MlKitInitProvider"
128-->[com.google.mlkit:common:18.2.0] AndroidManifest.xml:10:13-78
129            android:authorities="com.google.codelab.mlkit.mlkitinitprovider"
129-->[com.google.mlkit:common:18.2.0] AndroidManifest.xml:11:13-69
130            android:exported="false"
130-->[com.google.mlkit:common:18.2.0] AndroidManifest.xml:12:13-37
131            android:initOrder="99" />
131-->[com.google.mlkit:common:18.2.0] AndroidManifest.xml:13:13-35
132
133        <service
133-->[com.google.android.datatransport:transport-backend-cct:2.3.3] AndroidManifest.xml:29:9-35:19
134            android:name="com.google.android.datatransport.runtime.backends.TransportBackendDiscovery"
134-->[com.google.android.datatransport:transport-backend-cct:2.3.3] AndroidManifest.xml:30:13-103
135            android:exported="false" >
135-->[com.google.android.datatransport:transport-backend-cct:2.3.3] AndroidManifest.xml:31:13-37
136            <meta-data
136-->[com.google.android.datatransport:transport-backend-cct:2.3.3] AndroidManifest.xml:32:13-34:39
137                android:name="backend:com.google.android.datatransport.cct.CctBackendFactory"
137-->[com.google.android.datatransport:transport-backend-cct:2.3.3] AndroidManifest.xml:33:17-94
138                android:value="cct" />
138-->[com.google.android.datatransport:transport-backend-cct:2.3.3] AndroidManifest.xml:34:17-36
139        </service>
140
141        <provider
141-->[com.google.firebase:firebase-common:20.1.1] AndroidManifest.xml:26:9-31:39
142            android:name="com.google.firebase.provider.FirebaseInitProvider"
142-->[com.google.firebase:firebase-common:20.1.1] AndroidManifest.xml:27:13-77
143            android:authorities="com.google.codelab.mlkit.firebaseinitprovider"
143-->[com.google.firebase:firebase-common:20.1.1] AndroidManifest.xml:28:13-72
144            android:directBootAware="true"
144-->[com.google.firebase:firebase-common:20.1.1] AndroidManifest.xml:29:13-43
145            android:exported="false"
145-->[com.google.firebase:firebase-common:20.1.1] AndroidManifest.xml:30:13-37
146            android:initOrder="100" />
146-->[com.google.firebase:firebase-common:20.1.1] AndroidManifest.xml:31:13-36
147
148        <activity
148-->[com.google.android.gms:play-services-base:18.0.1] AndroidManifest.xml:20:9-22:45
149            android:name="com.google.android.gms.common.api.GoogleApiActivity"
149-->[com.google.android.gms:play-services-base:18.0.1] AndroidManifest.xml:20:19-85
150            android:exported="false"
150-->[com.google.android.gms:play-services-base:18.0.1] AndroidManifest.xml:22:19-43
151            android:theme="@android:style/Theme.Translucent.NoTitleBar" />
151-->[com.google.android.gms:play-services-base:18.0.1] AndroidManifest.xml:21:19-78
152
153        <receiver
153-->[com.google.android.gms:play-services-measurement:21.1.0] AndroidManifest.xml:29:9-33:20
154            android:name="com.google.android.gms.measurement.AppMeasurementReceiver"
154-->[com.google.android.gms:play-services-measurement:21.1.0] AndroidManifest.xml:30:13-85
155            android:enabled="true"
155-->[com.google.android.gms:play-services-measurement:21.1.0] AndroidManifest.xml:31:13-35
156            android:exported="false" >
156-->[com.google.android.gms:play-services-measurement:21.1.0] AndroidManifest.xml:32:13-37
157        </receiver>
158
159        <service
159-->[com.google.android.gms:play-services-measurement:21.1.0] AndroidManifest.xml:35:9-38:40
160            android:name="com.google.android.gms.measurement.AppMeasurementService"
160-->[com.google.android.gms:play-services-measurement:21.1.0] AndroidManifest.xml:36:13-84
161            android:enabled="true"
161-->[com.google.android.gms:play-services-measurement:21.1.0] AndroidManifest.xml:37:13-35
162            android:exported="false" />
162-->[com.google.android.gms:play-services-measurement:21.1.0] AndroidManifest.xml:38:13-37
163        <service
163-->[com.google.android.gms:play-services-measurement:21.1.0] AndroidManifest.xml:39:9-43:72
164            android:name="com.google.android.gms.measurement.AppMeasurementJobService"
164-->[com.google.android.gms:play-services-measurement:21.1.0] AndroidManifest.xml:40:13-87
165            android:enabled="true"
165-->[com.google.android.gms:play-services-measurement:21.1.0] AndroidManifest.xml:41:13-35
166            android:exported="false"
166-->[com.google.android.gms:play-services-measurement:21.1.0] AndroidManifest.xml:42:13-37
167            android:permission="android.permission.BIND_JOB_SERVICE" />
167-->[com.google.android.gms:play-services-measurement:21.1.0] AndroidManifest.xml:43:13-69
168
169        <meta-data
169-->[com.google.android.gms:play-services-basement:18.0.1] AndroidManifest.xml:21:9-23:69
170            android:name="com.google.android.gms.version"
170-->[com.google.android.gms:play-services-basement:18.0.1] AndroidManifest.xml:22:13-58
171            android:value="@integer/google_play_services_version" />
171-->[com.google.android.gms:play-services-basement:18.0.1] AndroidManifest.xml:23:13-66
172
173        <service
173-->[com.google.android.datatransport:transport-runtime:2.2.6] AndroidManifest.xml:26:9-30:19
174            android:name="com.google.android.datatransport.runtime.scheduling.jobscheduling.JobInfoSchedulerService"
174-->[com.google.android.datatransport:transport-runtime:2.2.6] AndroidManifest.xml:27:13-117
175            android:exported="false"
175-->[com.google.android.datatransport:transport-runtime:2.2.6] AndroidManifest.xml:28:13-37
176            android:permission="android.permission.BIND_JOB_SERVICE" >
176-->[com.google.android.datatransport:transport-runtime:2.2.6] AndroidManifest.xml:29:13-69
177        </service>
178
179        <receiver
179-->[com.google.android.datatransport:transport-runtime:2.2.6] AndroidManifest.xml:32:9-34:40
180            android:name="com.google.android.datatransport.runtime.scheduling.jobscheduling.AlarmManagerSchedulerBroadcastReceiver"
180-->[com.google.android.datatransport:transport-runtime:2.2.6] AndroidManifest.xml:33:13-132
181            android:exported="false" />
181-->[com.google.android.datatransport:transport-runtime:2.2.6] AndroidManifest.xml:34:13-37
182    </application>
183
184</manifest>